======================================================================
错误报告 - 2025-09-02T17:19:04.251347
日志ID: 20250902_171904_78288
======================================================================

【文件信息】
文件名: 嘉琪-felo-prompt-2.2 Felo内容生成AirBed&Breakfast.pptx
路径: /Users/mark/neurora/项目/ai-bp-comparison/airbnb-bp-research/嘉琪-felo-prompt-2.2 Felo内容生成AirBed&Breakfast.pptx
大小: 4.7 MB (4,962,560 bytes)
哈希: ce30dbb2ec10a00b

【错误信息】
类型: ValueError
步骤: 转换PDF
消息: 无法生成图像

【转换参数】
dpi: 200
format: PNG
quality: None

【执行信息】
耗时: 6.2 秒
内存使用: 667.7 MB

【系统环境】
操作系统: Darwin Darwin Kernel Version 23.6.0: Mon Jul 29 21:14:30 ...
Python: 3.12.7
CPU核心: 10
总内存: 32.0 GB

【依赖版本】
PIL/Pillow: 10.4.0
pdf2image: Unknown
LibreOffice: LibreOffice 25.8.1.1 54047653041915e595ad4e45cccea684809c77b5

【调用栈追踪】
Traceback (most recent call last):
  File "/Users/mark/repos/File2LongImage/mac_app_parallel.py", line 430, in convert_file_worker
    raise ValueError("无法生成图像")
ValueError: 无法生成图像

======================================================================
报告结束
======================================================================