======================================================================
错误报告 - 2025-09-02T17:10:18.577014
日志ID: 20250902_171018_49433
======================================================================

【文件信息】
文件名: document.pdf
路径: /Users/test/document.pdf

【错误信息】
类型: ZeroDivisionError
步骤: 渲染页面
消息: division by zero

【转换参数】
dpi: 200
format: PNG
quality: 85

【执行信息】
耗时: 3.5 秒
内存使用: 42.0 MB

【系统环境】
操作系统: Darwin Darwin Kernel Version 23.6.0: Mon Jul 29 21:14:30 ...
Python: 3.12.7
CPU核心: 10
总内存: 32.0 GB

【依赖版本】
PIL/Pillow: 10.4.0
pdf2image: Unknown
LibreOffice: LibreOffice 25.8.1.1 54047653041915e595ad4e45cccea684809c77b5

【调用栈追踪】
Traceback (most recent call last):
  File "/Users/mark/repos/File2LongImage/error_logger.py", line 344, in <module>
    1 / 0
    ~~^~~
ZeroDivisionError: division by zero

======================================================================
报告结束
======================================================================