======================================================================
错误报告 - 2025-09-02T17:22:39.816301
日志ID: 20250902_172239_98472
======================================================================

【文件信息】
文件名: 嘉琪-felo-大纲-1.1_Felo_大纲生成_AirBed&Breakfast_ Redefining Travel & Hospitality.pptx
路径: /Users/mark/neurora/项目/ai-bp-comparison/airbnb-bp-research/嘉琪-felo-大纲-1.1_Felo_大纲生成_AirBed&Breakfast_ Redefining Travel & Hospitality.pptx
大小: 1.1 MB (1,175,644 bytes)
哈希: 3e48d017b7718bc9

【错误信息】
类型: ValueError
步骤: 转换PDF
消息: Office转换PDF失败: LibreOffice无法处理此文件

【转换参数】
dpi: 200
format: PNG
quality: None

【执行信息】
耗时: 8.7 秒
内存使用: 106.3 MB

【系统环境】
操作系统: Darwin Darwin Kernel Version 23.6.0: Mon Jul 29 21:14:30 ...
Python: 3.12.7
CPU核心: 10
总内存: 32.0 GB

【依赖版本】
PIL/Pillow: 10.4.0
pdf2image: Unknown
LibreOffice: LibreOffice 25.8.1.1 54047653041915e595ad4e45cccea684809c77b5

【调用栈追踪】
Traceback (most recent call last):
  File "/Users/mark/repos/File2LongImage/mac_app_parallel.py", line 411, in convert_file_worker
    raise ValueError(f"Office转换PDF失败: LibreOffice无法处理此文件")
ValueError: Office转换PDF失败: LibreOffice无法处理此文件

======================================================================
报告结束
======================================================================